2013/01/09 21:10:37 [error] [exception.CHttpException.404] exception 'CHttpException' with message 'Unable to resolve the request "Gii".' in E:\wamp\www\yii\framework\web\CWebApplication.php:286
Stack trace:
#0 E:\wamp\www\yii\framework\web\CWebApplication.php(141): CWebApplication->runController('Gii')
#1 E:\wamp\www\yii\framework\base\CApplication.php(169): CWebApplication->processRequest()
#2 E:\wamp\www\testYii\index.php(13): CApplication->run()
#3 {main}
REQUEST_URI=/testYii/?r=Gii
---
2013/01/09 21:10:42 [error] [exception.CHttpException.404] exception 'CHttpException' with message 'Unable to resolve the request "gii".' in E:\wamp\www\yii\framework\web\CWebApplication.php:286
Stack trace:
#0 E:\wamp\www\yii\framework\web\CWebApplication.php(141): CWebApplication->runController('gii')
#1 E:\wamp\www\yii\framework\base\CApplication.php(169): CWebApplication->processRequest()
#2 E:\wamp\www\testYii\index.php(13): CApplication->run()
#3 {main}
REQUEST_URI=/testYii/?r=gii
---
2013/01/09 21:10:48 [error] [exception.CHttpException.404] exception 'CHttpException' with message 'Unable to resolve the request "gii".' in E:\wamp\www\yii\framework\web\CWebApplication.php:286
Stack trace:
#0 E:\wamp\www\yii\framework\web\CWebApplication.php(141): CWebApplication->runController('gii')
#1 E:\wamp\www\yii\framework\base\CApplication.php(169): CWebApplication->processRequest()
#2 E:\wamp\www\testYii\index.php(13): CApplication->run()
#3 {main}
REQUEST_URI=/testYii/index.php?r=gii
---
2013/01/09 21:11:25 [error] [exception.CHttpException.404] exception 'CHttpException' with message 'Unable to resolve the request "gii".' in E:\wamp\www\yii\framework\web\CWebApplication.php:286
Stack trace:
#0 E:\wamp\www\yii\framework\web\CWebApplication.php(141): CWebApplication->runController('gii')
#1 E:\wamp\www\yii\framework\base\CApplication.php(169): CWebApplication->processRequest()
#2 E:\wamp\www\testYii\index.php(13): CApplication->run()
#3 {main}
REQUEST_URI=/testYii/index.php?r=gii
---
2013/01/09 21:12:29 [error] [exception.CDbException] exception 'CDbException' with message 'CDbConnection failed to open the DB connection: SQLSTATE[42000] [1049] Unknown database 'testdrive'' in E:\wamp\www\yii\framework\db\CDbConnection.php:381
Stack trace:
#0 E:\wamp\www\yii\framework\db\CDbConnection.php(330): CDbConnection->open()
#1 E:\wamp\www\yii\framework\db\CDbConnection.php(308): CDbConnection->setActive(true)
#2 E:\wamp\www\yii\framework\base\CModule.php(387): CDbConnection->init()
#3 E:\wamp\www\yii\framework\base\CModule.php(103): CModule->getComponent('db')
#4 E:\wamp\www\yii\framework\gii\generators\model\ModelCode.php(57): CModule->__get('db')
#5 E:\wamp\www\yii\framework\web\CFormModel.php(39): ModelCode->init()
#6 E:\wamp\www\yii\framework\gii\CCodeGenerator.php(153): CFormModel->__construct()
#7 E:\wamp\www\yii\framework\gii\CCodeGenerator.php(63): CCodeGenerator->prepare()
#8 E:\wamp\www\yii\framework\web\actions\CInlineAction.php(49): CCodeGenerator->actionIndex()
#9 E:\wamp\www\yii\framework\web\CController.php(308): CInlineAction->runWithParams(Array)
#10 E:\wamp\www\yii\framework\web\CController.php(286): CController->runAction(Object(CInlineAction))
#11 E:\wamp\www\yii\framework\web\CController.php(265): CController->runActionWithFilters(Object(CInlineAction), Array)
#12 E:\wamp\www\yii\framework\web\CWebApplication.php(282): CController->run('')
#13 E:\wamp\www\yii\framework\web\CWebApplication.php(141): CWebApplication->runController('gii/model')
#14 E:\wamp\www\yii\framework\base\CApplication.php(169): CWebApplication->processRequest()
#15 E:\wamp\www\testYii\index.php(13): CApplication->run()
#16 {main}
REQUEST_URI=/testYii/index.php?r=gii/model
HTTP_REFERER=http://localhost/testYii/index.php?r=gii/default/index
---
2013/01/09 21:15:12 [error] [system.db.CDbCommand] CDbCommand::fetchAll() failed: SQLSTATE[42S02]: Base table or view not found: 1146 Table 'testdrive.tbl_user' doesn't exist. The SQL statement executed was: SHOW FULL COLUMNS FROM `tbl_user`.
in E:\wamp\www\testYii\index.php (13)
2013/01/09 21:16:13 [error] [system.db.CDbCommand] CDbCommand::fetchAll() failed: SQLSTATE[42S02]: Base table or view not found: 1146 Table 'testdrive.tbl_user' doesn't exist. The SQL statement executed was: SHOW FULL COLUMNS FROM `tbl_user`.
in E:\wamp\www\testYii\index.php (13)
2013/01/11 22:34:59 [error] [exception.CHttpException.404] exception 'CHttpException' with message 'Unable to resolve the request "css/reset.css".' in E:\wamp\www\testYii\framework\web\CWebApplication.php:286
Stack trace:
#0 E:\wamp\www\testYii\framework\web\CWebApplication.php(141): CWebApplication->runController('css/reset.css')
#1 E:\wamp\www\testYii\framework\base\CApplication.php(169): CWebApplication->processRequest()
#2 E:\wamp\www\testYii\index.php(13): CApplication->run()
#3 {main}
REQUEST_URI=/testYii/css/reset.css
HTTP_REFERER=http://localhost/testYii/
---
2013/01/11 22:34:59 [error] [exception.CHttpException.404] exception 'CHttpException' with message 'Unable to resolve the request "bootstrap/css/bootstrap-responsive.min.css".' in E:\wamp\www\testYii\framework\web\CWebApplication.php:286
Stack trace:
#0 E:\wamp\www\testYii\framework\web\CWebApplication.php(141): CWebApplication->runController('bootstrap/css/b...')
#1 E:\wamp\www\testYii\framework\base\CApplication.php(169): CWebApplication->processRequest()
#2 E:\wamp\www\testYii\index.php(13): CApplication->run()
#3 {main}
REQUEST_URI=/testYii/bootstrap/css/bootstrap-responsive.min.css
HTTP_REFERER=http://localhost/testYii/
---
2013/01/11 22:34:59 [error] [exception.CHttpException.404] exception 'CHttpException' with message 'Unable to resolve the request "bootstrap/js/bootstrap.min.js".' in E:\wamp\www\testYii\framework\web\CWebApplication.php:286
Stack trace:
#0 E:\wamp\www\testYii\framework\web\CWebApplication.php(141): CWebApplication->runController('bootstrap/js/bo...')
#1 E:\wamp\www\testYii\framework\base\CApplication.php(169): CWebApplication->processRequest()
#2 E:\wamp\www\testYii\index.php(13): CApplication->run()
#3 {main}
REQUEST_URI=/testYii/bootstrap/js/bootstrap.min.js
HTTP_REFERER=http://localhost/testYii/
---
2013/01/11 22:34:59 [error] [exception.CHttpException.404] exception 'CHttpException' with message 'Unable to resolve the request "bootstrap/css/bootstrap.min.css".' in E:\wamp\www\testYii\framework\web\CWebApplication.php:286
Stack trace:
#0 E:\wamp\www\testYii\framework\web\CWebApplication.php(141): CWebApplication->runController('bootstrap/css/b...')
#1 E:\wamp\www\testYii\framework\base\CApplication.php(169): CWebApplication->processRequest()
#2 E:\wamp\www\testYii\index.php(13): CApplication->run()
#3 {main}
REQUEST_URI=/testYii/bootstrap/css/bootstrap.min.css
HTTP_REFERER=http://localhost/testYii/
---
2013/01/11 22:36:40 [error] [exception.CHttpException.404] exception 'CHttpException' with message 'Unable to resolve the request "css/reset.css".' in E:\wamp\www\testYii\framework\web\CWebApplication.php:286
Stack trace:
#0 E:\wamp\www\testYii\framework\web\CWebApplication.php(141): CWebApplication->runController('css/reset.css')
#1 E:\wamp\www\testYii\framework\base\CApplication.php(169): CWebApplication->processRequest()
#2 E:\wamp\www\testYii\index.php(13): CApplication->run()
#3 {main}
REQUEST_URI=/testYii/css/reset.css
HTTP_REFERER=http://localhost/testYii/
---
2013/01/11 22:37:01 [error] [exception.CHttpException.404] exception 'CHttpException' with message 'Unable to resolve the request "css/reset.css".' in E:\wamp\www\testYii\framework\web\CWebApplication.php:286
Stack trace:
#0 E:\wamp\www\testYii\framework\web\CWebApplication.php(141): CWebApplication->runController('css/reset.css')
#1 E:\wamp\www\testYii\framework\base\CApplication.php(169): CWebApplication->processRequest()
#2 E:\wamp\www\testYii\index.php(13): CApplication->run()
#3 {main}
REQUEST_URI=/testYii/css/reset.css
HTTP_REFERER=http://localhost/testYii/
---
2013/01/11 22:49:07 [error] [exception.CException] exception 'CException' with message 'Alias "bootstrap.widgets.TbButton" is invalid. Make sure it points to an existing PHP file and the file is readable.' in E:\wamp\www\testYii\framework\YiiBase.php:316
Stack trace:
#0 E:\wamp\www\testYii\framework\web\CWidgetFactory.php(146): YiiBase::import('bootstrap.widge...', true)
#1 E:\wamp\www\testYii\framework\web\CBaseController.php(146): CWidgetFactory->createWidget(Object(SiteController), 'bootstrap.widge...', Array)
#2 E:\wamp\www\testYii\framework\web\CBaseController.php(172): CBaseController->createWidget('bootstrap.widge...', Array)
#3 E:\wamp\www\testYii\protected\views\layouts\main.php(52): CBaseController->widget('bootstrap.widge...', Array)
#4 E:\wamp\www\testYii\framework\web\CBaseController.php(126): require('E:\wamp\www\tes...')
#5 E:\wamp\www\testYii\framework\web\CBaseController.php(95): CBaseController->renderInternal('E:\wamp\www\tes...', Array, true)
#6 E:\wamp\www\testYii\framework\web\widgets\CContentDecorator.php(76): CBaseController->renderFile('E:\wamp\www\tes...', Array, true)
#7 E:\wamp\www\testYii\framework\web\widgets\CContentDecorator.php(54): CContentDecorator->decorate('<div id="conten...')
#8 E:\wamp\www\testYii\framework\web\widgets\COutputProcessor.php(44): CContentDecorator->processOutput('<div id="conten...')
#9 E:\wamp\www\testYii\framework\web\CBaseController.php(206): COutputProcessor->run()
#10 E:\wamp\www\testYii\framework\web\CBaseController.php(300): CBaseController->endWidget('CContentDecorat...')
#11 E:\wamp\www\testYii\protected\views\layouts\column1.php(6): CBaseController->endContent()
#12 E:\wamp\www\testYii\framework\web\CBaseController.php(126): require('E:\wamp\www\tes...')
#13 E:\wamp\www\testYii\framework\web\CBaseController.php(95): CBaseController->renderInternal('E:\wamp\www\tes...', Array, true)
#14 E:\wamp\www\testYii\framework\web\CController.php(784): CBaseController->renderFile('E:\wamp\www\tes...', Array, true)
#15 E:\wamp\www\testYii\protected\controllers\SiteController.php(32): CController->render('index')
#16 E:\wamp\www\testYii\framework\web\actions\CInlineAction.php(49): SiteController->actionIndex()
#17 E:\wamp\www\testYii\framework\web\CController.php(308): CInlineAction->runWithParams(Array)
#18 E:\wamp\www\testYii\framework\web\CController.php(286): CController->runAction(Object(CInlineAction))
#19 E:\wamp\www\testYii\framework\web\CController.php(265): CController->runActionWithFilters(Object(CInlineAction), Array)
#20 E:\wamp\www\testYii\framework\web\CWebApplication.php(282): CController->run('index')
#21 E:\wamp\www\testYii\framework\web\CWebApplication.php(141): CWebApplication->runController('site/index')
#22 E:\wamp\www\testYii\framework\base\CApplication.php(169): CWebApplication->processRequest()
#23 E:\wamp\www\testYii\index.php(13): CApplication->run()
#24 {main}
REQUEST_URI=/testYii/
HTTP_REFERER=http://localhost/testYii/login
---
2013/01/11 23:05:58 [error] [exception.CHttpException.404] exception 'CHttpException' with message 'Unable to resolve the request "less/mixins.less".' in E:\wamp\www\testYii\framework\web\CWebApplication.php:286
Stack trace:
#0 E:\wamp\www\testYii\framework\web\CWebApplication.php(141): CWebApplication->runController('less/mixins.les...')
#1 E:\wamp\www\testYii\framework\base\CApplication.php(169): CWebApplication->processRequest()
#2 E:\wamp\www\testYii\index.php(13): CApplication->run()
#3 {main}
REQUEST_URI=/testYii/less/mixins.less
HTTP_REFERER=http://localhost/testYii/
---
2013/01/11 23:21:51 [error] [exception.CHttpException.404] exception 'CHttpException' with message 'Unable to resolve the request "assets/lib/bootstrap/less/mixins.less".' in E:\wamp\www\testYii\framework\web\CWebApplication.php:286
Stack trace:
#0 E:\wamp\www\testYii\framework\web\CWebApplication.php(141): CWebApplication->runController('assets/lib/boot...')
#1 E:\wamp\www\testYii\framework\base\CApplication.php(169): CWebApplication->processRequest()
#2 E:\wamp\www\testYii\index.php(13): CApplication->run()
#3 {main}
REQUEST_URI=/testYii/assets/lib/bootstrap/less/mixins.less
HTTP_REFERER=http://localhost/testYii/
---
2013/01/11 23:22:08 [error] [exception.CHttpException.404] exception 'CHttpException' with message 'Unable to resolve the request "assets/lib/bootstrap/less/mixins.less".' in E:\wamp\www\testYii\framework\web\CWebApplication.php:286
Stack trace:
#0 E:\wamp\www\testYii\framework\web\CWebApplication.php(141): CWebApplication->runController('assets/lib/boot...')
#1 E:\wamp\www\testYii\framework\base\CApplication.php(169): CWebApplication->processRequest()
#2 E:\wamp\www\testYii\index.php(13): CApplication->run()
#3 {main}
REQUEST_URI=/testYii/assets/lib/bootstrap/less/mixins.less
HTTP_REFERER=http://localhost/testYii/
---
2013/01/11 23:22:10 [error] [exception.CHttpException.404] exception 'CHttpException' with message 'Unable to resolve the request "assets/lib/bootstrap/less/mixins.less".' in E:\wamp\www\testYii\framework\web\CWebApplication.php:286
Stack trace:
#0 E:\wamp\www\testYii\framework\web\CWebApplication.php(141): CWebApplication->runController('assets/lib/boot...')
#1 E:\wamp\www\testYii\framework\base\CApplication.php(169): CWebApplication->processRequest()
#2 E:\wamp\www\testYii\index.php(13): CApplication->run()
#3 {main}
REQUEST_URI=/testYii/assets/lib/bootstrap/less/mixins.less
HTTP_REFERER=http://localhost/testYii/page?view=about
---
2013/01/11 23:22:11 [error] [exception.CHttpException.404] exception 'CHttpException' with message 'Unable to resolve the request "assets/lib/bootstrap/less/mixins.less".' in E:\wamp\www\testYii\framework\web\CWebApplication.php:286
Stack trace:
#0 E:\wamp\www\testYii\framework\web\CWebApplication.php(141): CWebApplication->runController('assets/lib/boot...')
#1 E:\wamp\www\testYii\framework\base\CApplication.php(169): CWebApplication->processRequest()
#2 E:\wamp\www\testYii\index.php(13): CApplication->run()
#3 {main}
REQUEST_URI=/testYii/assets/lib/bootstrap/less/mixins.less
HTTP_REFERER=http://localhost/testYii/contact
---
2013/01/11 23:22:13 [error] [exception.CHttpException.404] exception 'CHttpException' with message 'Unable to resolve the request "assets/lib/bootstrap/less/mixins.less".' in E:\wamp\www\testYii\framework\web\CWebApplication.php:286
Stack trace:
#0 E:\wamp\www\testYii\framework\web\CWebApplication.php(141): CWebApplication->runController('assets/lib/boot...')
#1 E:\wamp\www\testYii\framework\base\CApplication.php(169): CWebApplication->processRequest()
#2 E:\wamp\www\testYii\index.php(13): CApplication->run()
#3 {main}
REQUEST_URI=/testYii/assets/lib/bootstrap/less/mixins.less
HTTP_REFERER=http://localhost/testYii/login
---
2013/01/11 23:22:52 [error] [exception.CHttpException.404] exception 'CHttpException' with message 'Unable to resolve the request "assets/lib/bootstrap/less/mixins.less".' in E:\wamp\www\testYii\framework\web\CWebApplication.php:286
Stack trace:
#0 E:\wamp\www\testYii\framework\web\CWebApplication.php(141): CWebApplication->runController('assets/lib/boot...')
#1 E:\wamp\www\testYii\framework\base\CApplication.php(169): CWebApplication->processRequest()
#2 E:\wamp\www\testYii\index.php(13): CApplication->run()
#3 {main}
REQUEST_URI=/testYii/assets/lib/bootstrap/less/mixins.less
HTTP_REFERER=http://localhost/testYii/contact
---
2013/01/11 23:22:53 [error] [exception.CHttpException.404] exception 'CHttpException' with message 'Unable to resolve the request "assets/lib/bootstrap/less/mixins.less".' in E:\wamp\www\testYii\framework\web\CWebApplication.php:286
Stack trace:
#0 E:\wamp\www\testYii\framework\web\CWebApplication.php(141): CWebApplication->runController('assets/lib/boot...')
#1 E:\wamp\www\testYii\framework\base\CApplication.php(169): CWebApplication->processRequest()
#2 E:\wamp\www\testYii\index.php(13): CApplication->run()
#3 {main}
REQUEST_URI=/testYii/assets/lib/bootstrap/less/mixins.less
HTTP_REFERER=http://localhost/testYii/
---
2013/01/11 23:22:58 [error] [exception.CHttpException.404] exception 'CHttpException' with message 'Unable to resolve the request "assets/lib/bootstrap/less/mixins.less".' in E:\wamp\www\testYii\framework\web\CWebApplication.php:286
Stack trace:
#0 E:\wamp\www\testYii\framework\web\CWebApplication.php(141): CWebApplication->runController('assets/lib/boot...')
#1 E:\wamp\www\testYii\framework\base\CApplication.php(169): CWebApplication->processRequest()
#2 E:\wamp\www\testYii\index.php(13): CApplication->run()
#3 {main}
REQUEST_URI=/testYii/assets/lib/bootstrap/less/mixins.less
HTTP_REFERER=http://localhost/testYii/
---
2013/01/11 23:26:41 [error] [exception.CHttpException.404] exception 'CHttpException' with message 'Unable to resolve the request "assets/lib/bootstrap/less/mixins.less".' in E:\wamp\www\testYii\framework\web\CWebApplication.php:286
Stack trace:
#0 E:\wamp\www\testYii\framework\web\CWebApplication.php(141): CWebApplication->runController('assets/lib/boot...')
#1 E:\wamp\www\testYii\framework\base\CApplication.php(169): CWebApplication->processRequest()
#2 E:\wamp\www\testYii\index.php(13): CApplication->run()
#3 {main}
REQUEST_URI=/testYii/assets/lib/bootstrap/less/mixins.less
HTTP_REFERER=http://localhost/testYii/
---
2013/01/11 23:27:07 [error] [exception.CHttpException.404] exception 'CHttpException' with message 'Unable to resolve the request "assets/lib/bootstrap/less/mixins.less".' in E:\wamp\www\testYii\framework\web\CWebApplication.php:286
Stack trace:
#0 E:\wamp\www\testYii\framework\web\CWebApplication.php(141): CWebApplication->runController('assets/lib/boot...')
#1 E:\wamp\www\testYii\framework\base\CApplication.php(169): CWebApplication->processRequest()
#2 E:\wamp\www\testYii\index.php(13): CApplication->run()
#3 {main}
REQUEST_URI=/testYii/assets/lib/bootstrap/less/mixins.less
HTTP_REFERER=http://localhost/testYii/
---
2013/01/11 23:27:47 [error] [exception.CHttpException.404] exception 'CHttpException' with message 'Unable to resolve the request "assets/lib/bootstrap/less/mixins.less".' in E:\wamp\www\testYii\framework\web\CWebApplication.php:286
Stack trace:
#0 E:\wamp\www\testYii\framework\web\CWebApplication.php(141): CWebApplication->runController('assets/lib/boot...')
#1 E:\wamp\www\testYii\framework\base\CApplication.php(169): CWebApplication->processRequest()
#2 E:\wamp\www\testYii\index.php(13): CApplication->run()
#3 {main}
REQUEST_URI=/testYii/assets/lib/bootstrap/less/mixins.less
HTTP_REFERER=http://localhost/testYii/
---
2013/01/11 23:27:48 [error] [exception.CHttpException.404] exception 'CHttpException' with message 'Unable to resolve the request "assets/lib/bootstrap/less/mixins.less".' in E:\wamp\www\testYii\framework\web\CWebApplication.php:286
Stack trace:
#0 E:\wamp\www\testYii\framework\web\CWebApplication.php(141): CWebApplication->runController('assets/lib/boot...')
#1 E:\wamp\www\testYii\framework\base\CApplication.php(169): CWebApplication->processRequest()
#2 E:\wamp\www\testYii\index.php(13): CApplication->run()
#3 {main}
REQUEST_URI=/testYii/assets/lib/bootstrap/less/mixins.less
HTTP_REFERER=http://localhost/testYii/
---
2013/01/11 23:27:49 [error] [exception.CHttpException.404] exception 'CHttpException' with message 'Unable to resolve the request "assets/lib/bootstrap/less/mixins.less".' in E:\wamp\www\testYii\framework\web\CWebApplication.php:286
Stack trace:
#0 E:\wamp\www\testYii\framework\web\CWebApplication.php(141): CWebApplication->runController('assets/lib/boot...')
#1 E:\wamp\www\testYii\framework\base\CApplication.php(169): CWebApplication->processRequest()
#2 E:\wamp\www\testYii\index.php(13): CApplication->run()
#3 {main}
REQUEST_URI=/testYii/assets/lib/bootstrap/less/mixins.less
HTTP_REFERER=http://localhost/testYii/
---
2013/01/11 23:29:06 [error] [exception.CHttpException.404] exception 'CHttpException' with message 'Unable to resolve the request "assets/lib/bootstrap/less/mixins.less".' in E:\wamp\www\testYii\framework\web\CWebApplication.php:286
Stack trace:
#0 E:\wamp\www\testYii\framework\web\CWebApplication.php(141): CWebApplication->runController('assets/lib/boot...')
#1 E:\wamp\www\testYii\framework\base\CApplication.php(169): CWebApplication->processRequest()
#2 E:\wamp\www\testYii\index.php(13): CApplication->run()
#3 {main}
REQUEST_URI=/testYii/assets/lib/bootstrap/less/mixins.less
HTTP_REFERER=http://localhost/testYii/
---
2013/01/11 23:29:07 [error] [exception.CHttpException.404] exception 'CHttpException' with message 'Unable to resolve the request "assets/lib/bootstrap/less/mixins.less".' in E:\wamp\www\testYii\framework\web\CWebApplication.php:286
Stack trace:
#0 E:\wamp\www\testYii\framework\web\CWebApplication.php(141): CWebApplication->runController('assets/lib/boot...')
#1 E:\wamp\www\testYii\framework\base\CApplication.php(169): CWebApplication->processRequest()
#2 E:\wamp\www\testYii\index.php(13): CApplication->run()
#3 {main}
REQUEST_URI=/testYii/assets/lib/bootstrap/less/mixins.less
HTTP_REFERER=http://localhost/testYii/
---
2013/01/11 23:31:20 [error] [exception.CHttpException.404] exception 'CHttpException' with message 'Unable to resolve the request "assets/lib/bootstrap/less/mixins.less".' in E:\wamp\www\testYii\framework\web\CWebApplication.php:286
Stack trace:
#0 E:\wamp\www\testYii\framework\web\CWebApplication.php(141): CWebApplication->runController('assets/lib/boot...')
#1 E:\wamp\www\testYii\framework\base\CApplication.php(169): CWebApplication->processRequest()
#2 E:\wamp\www\testYii\index.php(13): CApplication->run()
#3 {main}
REQUEST_URI=/testYii/assets/lib/bootstrap/less/mixins.less
HTTP_REFERER=http://localhost/testYii/
---
2013/01/11 23:34:19 [error] [exception.CHttpException.404] exception 'CHttpException' with message 'Unable to resolve the request "assets/lib/bootstrap/less/mixins.less".' in E:\wamp\www\testYii\framework\web\CWebApplication.php:286
Stack trace:
#0 E:\wamp\www\testYii\framework\web\CWebApplication.php(141): CWebApplication->runController('assets/lib/boot...')
#1 E:\wamp\www\testYii\framework\base\CApplication.php(169): CWebApplication->processRequest()
#2 E:\wamp\www\testYii\index.php(13): CApplication->run()
#3 {main}
REQUEST_URI=/testYii/assets/lib/bootstrap/less/mixins.less
HTTP_REFERER=http://localhost/testYii/
---
2013/01/11 23:34:45 [error] [exception.CHttpException.404] exception 'CHttpException' with message 'Unable to resolve the request "assets/lib/bootstrap/less/mixins.less".' in E:\wamp\www\testYii\framework\web\CWebApplication.php:286
Stack trace:
#0 E:\wamp\www\testYii\framework\web\CWebApplication.php(141): CWebApplication->runController('assets/lib/boot...')
#1 E:\wamp\www\testYii\framework\base\CApplication.php(169): CWebApplication->processRequest()
#2 E:\wamp\www\testYii\index.php(13): CApplication->run()
#3 {main}
REQUEST_URI=/testYii/assets/lib/bootstrap/less/mixins.less
HTTP_REFERER=http://localhost/testYii/
---
2013/01/11 23:37:01 [error] [exception.CHttpException.404] exception 'CHttpException' with message 'Unable to resolve the request "assets/lib/bootstrap/less/mixins.less".' in E:\wamp\www\testYii\framework\web\CWebApplication.php:286
Stack trace:
#0 E:\wamp\www\testYii\framework\web\CWebApplication.php(141): CWebApplication->runController('assets/lib/boot...')
#1 E:\wamp\www\testYii\framework\base\CApplication.php(169): CWebApplication->processRequest()
#2 E:\wamp\www\testYii\index.php(13): CApplication->run()
#3 {main}
REQUEST_URI=/testYii/assets/lib/bootstrap/less/mixins.less
HTTP_REFERER=http://localhost/testYii/login
---
2013/01/11 23:40:30 [error] [exception.CHttpException.404] exception 'CHttpException' with message 'The system is unable to find the requested action "cat".' in E:\wamp\www\testYii\framework\web\CController.php:483
Stack trace:
#0 E:\wamp\www\testYii\framework\web\CController.php(270): CController->missingAction('cat')
#1 E:\wamp\www\testYii\framework\web\CWebApplication.php(282): CController->run('cat')
#2 E:\wamp\www\testYii\framework\web\CWebApplication.php(141): CWebApplication->runController('site/cat')
#3 E:\wamp\www\testYii\framework\base\CApplication.php(169): CWebApplication->processRequest()
#4 E:\wamp\www\testYii\index.php(13): CApplication->run()
#5 {main}
REQUEST_URI=/testYii/cat
---
2013/01/11 23:40:30 [error] [exception.CHttpException.404] exception 'CHttpException' with message 'Unable to resolve the request "assets/lib/bootstrap/less/mixins.less".' in E:\wamp\www\testYii\framework\web\CWebApplication.php:286
Stack trace:
#0 E:\wamp\www\testYii\framework\web\CWebApplication.php(141): CWebApplication->runController('assets/lib/boot...')
#1 E:\wamp\www\testYii\framework\base\CApplication.php(169): CWebApplication->processRequest()
#2 E:\wamp\www\testYii\index.php(13): CApplication->run()
#3 {main}
REQUEST_URI=/testYii/assets/lib/bootstrap/less/mixins.less
HTTP_REFERER=http://localhost/testYii/cat
---
2013/01/11 23:41:23 [error] [exception.CHttpException.404] exception 'CHttpException' with message 'Unable to resolve the request "assets/lib/bootstrap/less/mixins.less".' in E:\wamp\www\testYii\framework\web\CWebApplication.php:286
Stack trace:
#0 E:\wamp\www\testYii\framework\web\CWebApplication.php(141): CWebApplication->runController('assets/lib/boot...')
#1 E:\wamp\www\testYii\framework\base\CApplication.php(169): CWebApplication->processRequest()
#2 E:\wamp\www\testYii\index.php(13): CApplication->run()
#3 {main}
REQUEST_URI=/testYii/assets/lib/bootstrap/less/mixins.less
HTTP_REFERER=http://localhost/testYii/
---
2013/01/11 23:41:43 [error] [php] Undefined variable: model (E:\wamp\www\testYii\themes\bootstrap\views\site\index.php:28)
Stack trace:
#0 E:\wamp\www\testYii\framework\web\CController.php(869): SiteController->renderFile()
#1 E:\wamp\www\testYii\framework\web\CController.php(782): SiteController->renderPartial()
#2 E:\wamp\www\testYii\protected\controllers\SiteController.php(32): SiteController->render()
#3 E:\wamp\www\testYii\framework\web\actions\CInlineAction.php(49): SiteController->actionIndex()
#4 E:\wamp\www\testYii\framework\web\CController.php(308): CInlineAction->runWithParams()
#5 E:\wamp\www\testYii\framework\web\CController.php(286): SiteController->runAction()
#6 E:\wamp\www\testYii\framework\web\CController.php(265): SiteController->runActionWithFilters()
#7 E:\wamp\www\testYii\framework\web\CWebApplication.php(282): SiteController->run()
#8 E:\wamp\www\testYii\framework\web\CWebApplication.php(141): CWebApplication->runController()
#9 E:\wamp\www\testYii\framework\base\CApplication.php(169): CWebApplication->processRequest()
#10 E:\wamp\www\testYii\index.php(13): CWebApplication->run()
REQUEST_URI=/testYii/
in E:\wamp\www\testYii\themes\bootstrap\views\site\index.php (28)
in E:\wamp\www\testYii\protected\controllers\SiteController.php (32)
in E:\wamp\www\testYii\index.php (13)
2013/01/11 23:45:58 [error] [exception.CHttpException.404] exception 'CHttpException' with message 'Unable to resolve the request "assets/lib/bootstrap/less/mixins.less".' in E:\wamp\www\testYii\framework\web\CWebApplication.php:286
Stack trace:
#0 E:\wamp\www\testYii\framework\web\CWebApplication.php(141): CWebApplication->runController('assets/lib/boot...')
#1 E:\wamp\www\testYii\framework\base\CApplication.php(169): CWebApplication->processRequest()
#2 E:\wamp\www\testYii\index.php(13): CApplication->run()
#3 {main}
REQUEST_URI=/testYii/assets/lib/bootstrap/less/mixins.less
HTTP_REFERER=http://localhost/testYii/
---
2013/01/11 23:46:11 [error] [exception.CHttpException.404] exception 'CHttpException' with message 'Unable to resolve the request "assets/lib/bootstrap/less/mixins.less".' in E:\wamp\www\testYii\framework\web\CWebApplication.php:286
Stack trace:
#0 E:\wamp\www\testYii\framework\web\CWebApplication.php(141): CWebApplication->runController('assets/lib/boot...')
#1 E:\wamp\www\testYii\framework\base\CApplication.php(169): CWebApplication->processRequest()
#2 E:\wamp\www\testYii\index.php(13): CApplication->run()
#3 {main}
REQUEST_URI=/testYii/assets/lib/bootstrap/less/mixins.less
HTTP_REFERER=http://localhost/testYii/page?view=about
---
2013/01/11 23:46:14 [error] [exception.CHttpException.404] exception 'CHttpException' with message 'Unable to resolve the request "assets/lib/bootstrap/less/mixins.less".' in E:\wamp\www\testYii\framework\web\CWebApplication.php:286
Stack trace:
#0 E:\wamp\www\testYii\framework\web\CWebApplication.php(141): CWebApplication->runController('assets/lib/boot...')
#1 E:\wamp\www\testYii\framework\base\CApplication.php(169): CWebApplication->processRequest()
#2 E:\wamp\www\testYii\index.php(13): CApplication->run()
#3 {main}
REQUEST_URI=/testYii/assets/lib/bootstrap/less/mixins.less
HTTP_REFERER=http://localhost/testYii/contact
---
2013/01/11 23:46:15 [error] [exception.CHttpException.404] exception 'CHttpException' with message 'Unable to resolve the request "assets/lib/bootstrap/less/mixins.less".' in E:\wamp\www\testYii\framework\web\CWebApplication.php:286
Stack trace:
#0 E:\wamp\www\testYii\framework\web\CWebApplication.php(141): CWebApplication->runController('assets/lib/boot...')
#1 E:\wamp\www\testYii\framework\base\CApplication.php(169): CWebApplication->processRequest()
#2 E:\wamp\www\testYii\index.php(13): CApplication->run()
#3 {main}
REQUEST_URI=/testYii/assets/lib/bootstrap/less/mixins.less
HTTP_REFERER=http://localhost/testYii/page?view=about
---
2013/01/11 23:46:17 [error] [exception.CHttpException.404] exception 'CHttpException' with message 'Unable to resolve the request "assets/lib/bootstrap/less/mixins.less".' in E:\wamp\www\testYii\framework\web\CWebApplication.php:286
Stack trace:
#0 E:\wamp\www\testYii\framework\web\CWebApplication.php(141): CWebApplication->runController('assets/lib/boot...')
#1 E:\wamp\www\testYii\framework\base\CApplication.php(169): CWebApplication->processRequest()
#2 E:\wamp\www\testYii\index.php(13): CApplication->run()
#3 {main}
REQUEST_URI=/testYii/assets/lib/bootstrap/less/mixins.less
HTTP_REFERER=http://localhost/testYii/contact
---
2013/01/11 23:46:50 [error] [exception.CHttpException.404] exception 'CHttpException' with message 'Unable to resolve the request "assets/lib/bootstrap/less/mixins.less".' in E:\wamp\www\testYii\framework\web\CWebApplication.php:286
Stack trace:
#0 E:\wamp\www\testYii\framework\web\CWebApplication.php(141): CWebApplication->runController('assets/lib/boot...')
#1 E:\wamp\www\testYii\framework\base\CApplication.php(169): CWebApplication->processRequest()
#2 E:\wamp\www\testYii\index.php(13): CApplication->run()
#3 {main}
REQUEST_URI=/testYii/assets/lib/bootstrap/less/mixins.less
HTTP_REFERER=http://localhost/testYii/login
---
2013/01/11 23:46:52 [error] [exception.CHttpException.404] exception 'CHttpException' with message 'Unable to resolve the request "assets/lib/bootstrap/less/mixins.less".' in E:\wamp\www\testYii\framework\web\CWebApplication.php:286
Stack trace:
#0 E:\wamp\www\testYii\framework\web\CWebApplication.php(141): CWebApplication->runController('assets/lib/boot...')
#1 E:\wamp\www\testYii\framework\base\CApplication.php(169): CWebApplication->processRequest()
#2 E:\wamp\www\testYii\index.php(13): CApplication->run()
#3 {main}
REQUEST_URI=/testYii/assets/lib/bootstrap/less/mixins.less
HTTP_REFERER=http://localhost/testYii/contact
---
2013/01/11 23:46:53 [error] [exception.CHttpException.404] exception 'CHttpException' with message 'Unable to resolve the request "assets/lib/bootstrap/less/mixins.less".' in E:\wamp\www\testYii\framework\web\CWebApplication.php:286
Stack trace:
#0 E:\wamp\www\testYii\framework\web\CWebApplication.php(141): CWebApplication->runController('assets/lib/boot...')
#1 E:\wamp\www\testYii\framework\base\CApplication.php(169): CWebApplication->processRequest()
#2 E:\wamp\www\testYii\index.php(13): CApplication->run()
#3 {main}
REQUEST_URI=/testYii/assets/lib/bootstrap/less/mixins.less
HTTP_REFERER=http://localhost/testYii/login
---
2013/01/11 23:48:35 [error] [exception.CHttpException.404] exception 'CHttpException' with message 'Unable to resolve the request "assets/lib/bootstrap/less/mixins.less".' in E:\wamp\www\testYii\framework\web\CWebApplication.php:286
Stack trace:
#0 E:\wamp\www\testYii\framework\web\CWebApplication.php(141): CWebApplication->runController('assets/lib/boot...')
#1 E:\wamp\www\testYii\framework\base\CApplication.php(169): CWebApplication->processRequest()
#2 E:\wamp\www\testYii\index.php(13): CApplication->run()
#3 {main}
REQUEST_URI=/testYii/assets/lib/bootstrap/less/mixins.less
HTTP_REFERER=http://localhost/testYii/
---
2013/01/11 23:48:37 [error] [exception.CHttpException.404] exception 'CHttpException' with message 'Unable to resolve the request "assets/lib/bootstrap/less/mixins.less".' in E:\wamp\www\testYii\framework\web\CWebApplication.php:286
Stack trace:
#0 E:\wamp\www\testYii\framework\web\CWebApplication.php(141): CWebApplication->runController('assets/lib/boot...')
#1 E:\wamp\www\testYii\framework\base\CApplication.php(169): CWebApplication->processRequest()
#2 E:\wamp\www\testYii\index.php(13): CApplication->run()
#3 {main}
REQUEST_URI=/testYii/assets/lib/bootstrap/less/mixins.less
HTTP_REFERER=http://localhost/testYii/page?view=about
---
2013/01/11 23:48:38 [error] [exception.CHttpException.404] exception 'CHttpException' with message 'Unable to resolve the request "assets/lib/bootstrap/less/mixins.less".' in E:\wamp\www\testYii\framework\web\CWebApplication.php:286
Stack trace:
#0 E:\wamp\www\testYii\framework\web\CWebApplication.php(141): CWebApplication->runController('assets/lib/boot...')
#1 E:\wamp\www\testYii\framework\base\CApplication.php(169): CWebApplication->processRequest()
#2 E:\wamp\www\testYii\index.php(13): CApplication->run()
#3 {main}
REQUEST_URI=/testYii/assets/lib/bootstrap/less/mixins.less
HTTP_REFERER=http://localhost/testYii/
---
2013/01/11 23:51:08 [error] [exception.CHttpException.404] exception 'CHttpException' with message 'Unable to resolve the request "assets/lib/bootstrap/less/mixins.less".' in E:\wamp\www\testYii\framework\web\CWebApplication.php:286
Stack trace:
#0 E:\wamp\www\testYii\framework\web\CWebApplication.php(141): CWebApplication->runController('assets/lib/boot...')
#1 E:\wamp\www\testYii\framework\base\CApplication.php(169): CWebApplication->processRequest()
#2 E:\wamp\www\testYii\index.php(13): CApplication->run()
#3 {main}
REQUEST_URI=/testYii/assets/lib/bootstrap/less/mixins.less
HTTP_REFERER=http://localhost/testYii/
---
2013/01/11 23:54:26 [error] [exception.CHttpException.404] exception 'CHttpException' with message 'Unable to resolve the request "assets/lib/bootstrap/less/mixins.less".' in E:\wamp\www\testYii\framework\web\CWebApplication.php:286
Stack trace:
#0 E:\wamp\www\testYii\framework\web\CWebApplication.php(141): CWebApplication->runController('assets/lib/boot...')
#1 E:\wamp\www\testYii\framework\base\CApplication.php(169): CWebApplication->processRequest()
#2 E:\wamp\www\testYii\index.php(13): CApplication->run()
#3 {main}
REQUEST_URI=/testYii/assets/lib/bootstrap/less/mixins.less
HTTP_REFERER=http://localhost/testYii/
---
2013/01/14 20:31:17 [error] [exception.CHttpException.404] exception 'CHttpException' with message 'Unable to resolve the request "assets/lib/bootstrap/less/mixins.less".' in E:\wamp\www\testYii\framework\web\CWebApplication.php:286
Stack trace:
#0 E:\wamp\www\testYii\framework\web\CWebApplication.php(141): CWebApplication->runController('assets/lib/boot...')
#1 E:\wamp\www\testYii\framework\base\CApplication.php(169): CWebApplication->processRequest()
#2 E:\wamp\www\testYii\index.php(13): CApplication->run()
#3 {main}
REQUEST_URI=/testYii/assets/lib/bootstrap/less/mixins.less
HTTP_REFERER=http://localhost/testYii/
---
